-- Install configuration: ""
-- Execute custom install script
-- Up-to-date symlink: /home/enri/Formula/simulator_project/install/LiDAR_simulator_project/share/LiDAR_simulator_project/bridge.yaml
-- Up-to-date symlink: /home/enri/Formula/simulator_project/install/LiDAR_simulator_project/share/LiDAR_simulator_project/params.yaml
-- Up-to-date symlink: /home/enri/Formula/simulator_project/install/LiDAR_simulator_project/share/LiDAR_simulator_project/rviz_config.rviz
-- Up-to-date symlink: /home/enri/Formula/simulator_project/install/LiDAR_simulator_project/share/LiDAR_simulator_project/simulator/filter.py
-- Up-to-date symlink: /home/enri/Formula/simulator_project/install/LiDAR_simulator_project/share/LiDAR_simulator_project/simulator/simulator_launch.py
-- Up-to-date symlink: /home/enri/Formula/simulator_project/install/LiDAR_simulator_project/share/LiDAR_simulator_project/sdf/world.sdf
-- Up-to-date symlink: /home/enri/Formula/simulator_project/install/LiDAR_simulator_project/share/LiDAR_simulator_project/sdf/world_template.sdf
-- Up-to-date symlink: /home/enri/Formula/simulator_project/install/LiDAR_simulator_project/share/LiDAR_simulator_project/models/cone_440.stl
-- Up-to-date symlink: /home/enri/Formula/simulator_project/install/LiDAR_simulator_project/share/LiDAR_simulator_project/models/formula_car_with_wheels.stl
-- Up-to-date symlink: /home/enri/Formula/simulator_project/install/LiDAR_simulator_project/share/LiDAR_simulator_project/tracks/race_track.csv
-- Up-to-date symlink: /home/enri/Formula/simulator_project/install/LiDAR_simulator_project/share/ament_index/resource_index/package_run_dependencies/LiDAR_simulator_project
-- Up-to-date symlink: /home/enri/Formula/simulator_project/install/LiDAR_simulator_project/share/ament_index/resource_index/parent_prefix_path/LiDAR_simulator_project
-- Up-to-date symlink: /home/enri/Formula/simulator_project/install/LiDAR_simulator_project/share/LiDAR_simulator_project/environment/ament_prefix_path.sh
-- Up-to-date symlink: /home/enri/Formula/simulator_project/install/LiDAR_simulator_project/share/LiDAR_simulator_project/environment/ament_prefix_path.dsv
-- Up-to-date symlink: /home/enri/Formula/simulator_project/install/LiDAR_simulator_project/share/LiDAR_simulator_project/environment/path.sh
-- Up-to-date symlink: /home/enri/Formula/simulator_project/install/LiDAR_simulator_project/share/LiDAR_simulator_project/environment/path.dsv
-- Up-to-date symlink: /home/enri/Formula/simulator_project/install/LiDAR_simulator_project/share/LiDAR_simulator_project/local_setup.bash
-- Up-to-date symlink: /home/enri/Formula/simulator_project/install/LiDAR_simulator_project/share/LiDAR_simulator_project/local_setup.sh
-- Up-to-date symlink: /home/enri/Formula/simulator_project/install/LiDAR_simulator_project/share/LiDAR_simulator_project/local_setup.zsh
-- Up-to-date symlink: /home/enri/Formula/simulator_project/install/LiDAR_simulator_project/share/LiDAR_simulator_project/local_setup.dsv
-- Symlinking: /home/enri/Formula/simulator_project/install/LiDAR_simulator_project/share/LiDAR_simulator_project/package.dsv
-- Up-to-date symlink: /home/enri/Formula/simulator_project/install/LiDAR_simulator_project/share/ament_index/resource_index/packages/LiDAR_simulator_project
-- Up-to-date symlink: /home/enri/Formula/simulator_project/install/LiDAR_simulator_project/share/LiDAR_simulator_project/cmake/LiDAR_simulator_projectConfig.cmake
-- Up-to-date symlink: /home/enri/Formula/simulator_project/install/LiDAR_simulator_project/share/LiDAR_simulator_project/cmake/LiDAR_simulator_projectConfig-version.cmake
-- Up-to-date symlink: /home/enri/Formula/simulator_project/install/LiDAR_simulator_project/share/LiDAR_simulator_project/package.xml
