[0.009s] Invoking command in '/home/enri/Formula/simulator_project/build/LiDAR_simulator_project': CMAKE_PREFIX_PATH=${CMAKE_PREFIX_PATH}:/opt/ros/humble /usr/bin/cmake --build /home/enri/Formula/simulator_project/build/LiDAR_simulator_project -- -j12 -l12
[0.035s] Invoked command in '/home/enri/Formula/simulator_project/build/LiDAR_simulator_project' returned '0': CMAKE_PREFIX_PATH=${CMAKE_PREFIX_PATH}:/opt/ros/humble /usr/bin/cmake --build /home/enri/Formula/simulator_project/build/LiDAR_simulator_project -- -j12 -l12
[0.044s] Invoking command in '/home/enri/Formula/simulator_project/build/LiDAR_simulator_project': CMAKE_PREFIX_PATH=${CMAKE_PREFIX_PATH}:/opt/ros/humble /usr/bin/cmake --install /home/enri/Formula/simulator_project/build/LiDAR_simulator_project
[0.049s] -- Install configuration: ""
[0.049s] -- Execute custom install script
[0.049s] -- Up-to-date symlink: /home/enri/Formula/simulator_project/install/LiDAR_simulator_project/share/LiDAR_simulator_project/bridge.yaml
[0.049s] -- Up-to-date symlink: /home/enri/Formula/simulator_project/install/LiDAR_simulator_project/share/LiDAR_simulator_project/params.yaml
[0.049s] -- Up-to-date symlink: /home/enri/Formula/simulator_project/install/LiDAR_simulator_project/share/LiDAR_simulator_project/rviz_config.rviz
[0.049s] -- Up-to-date symlink: /home/enri/Formula/simulator_project/install/LiDAR_simulator_project/share/LiDAR_simulator_project/simulator/filter.py
[0.049s] -- Up-to-date symlink: /home/enri/Formula/simulator_project/install/LiDAR_simulator_project/share/LiDAR_simulator_project/simulator/simulator_launch.py
[0.050s] -- Up-to-date symlink: /home/enri/Formula/simulator_project/install/LiDAR_simulator_project/share/LiDAR_simulator_project/sdf/world.sdf
[0.050s] -- Up-to-date symlink: /home/enri/Formula/simulator_project/install/LiDAR_simulator_project/share/LiDAR_simulator_project/sdf/world_template.sdf
[0.050s] -- Up-to-date symlink: /home/enri/Formula/simulator_project/install/LiDAR_simulator_project/share/LiDAR_simulator_project/models/cone_440.stl
[0.050s] -- Up-to-date symlink: /home/enri/Formula/simulator_project/install/LiDAR_simulator_project/share/LiDAR_simulator_project/models/formula_car_with_wheels.stl
[0.050s] -- Up-to-date symlink: /home/enri/Formula/simulator_project/install/LiDAR_simulator_project/share/LiDAR_simulator_project/tracks/race_track.csv
[0.050s] -- Up-to-date symlink: /home/enri/Formula/simulator_project/install/LiDAR_simulator_project/share/ament_index/resource_index/package_run_dependencies/LiDAR_simulator_project
[0.050s] -- Up-to-date symlink: /home/enri/Formula/simulator_project/install/LiDAR_simulator_project/share/ament_index/resource_index/parent_prefix_path/LiDAR_simulator_project
[0.050s] -- Up-to-date symlink: /home/enri/Formula/simulator_project/install/LiDAR_simulator_project/share/LiDAR_simulator_project/environment/ament_prefix_path.sh
[0.050s] -- Up-to-date symlink: /home/enri/Formula/simulator_project/install/LiDAR_simulator_project/share/LiDAR_simulator_project/environment/ament_prefix_path.dsv
[0.050s] -- Up-to-date symlink: /home/enri/Formula/simulator_project/install/LiDAR_simulator_project/share/LiDAR_simulator_project/environment/path.sh
[0.050s] -- Up-to-date symlink: /home/enri/Formula/simulator_project/install/LiDAR_simulator_project/share/LiDAR_simulator_project/environment/path.dsv
[0.050s] -- Up-to-date symlink: /home/enri/Formula/simulator_project/install/LiDAR_simulator_project/share/LiDAR_simulator_project/local_setup.bash
[0.050s] -- Up-to-date symlink: /home/enri/Formula/simulator_project/install/LiDAR_simulator_project/share/LiDAR_simulator_project/local_setup.sh
[0.050s] -- Up-to-date symlink: /home/enri/Formula/simulator_project/install/LiDAR_simulator_project/share/LiDAR_simulator_project/local_setup.zsh
[0.051s] -- Up-to-date symlink: /home/enri/Formula/simulator_project/install/LiDAR_simulator_project/share/LiDAR_simulator_project/local_setup.dsv
[0.051s] -- Symlinking: /home/enri/Formula/simulator_project/install/LiDAR_simulator_project/share/LiDAR_simulator_project/package.dsv
[0.056s] -- Up-to-date symlink: /home/enri/Formula/simulator_project/install/LiDAR_simulator_project/share/ament_index/resource_index/packages/LiDAR_simulator_project
[0.056s] -- Up-to-date symlink: /home/enri/Formula/simulator_project/install/LiDAR_simulator_project/share/LiDAR_simulator_project/cmake/LiDAR_simulator_projectConfig.cmake
[0.056s] -- Up-to-date symlink: /home/enri/Formula/simulator_project/install/LiDAR_simulator_project/share/LiDAR_simulator_project/cmake/LiDAR_simulator_projectConfig-version.cmake
[0.056s] -- Up-to-date symlink: /home/enri/Formula/simulator_project/install/LiDAR_simulator_project/share/LiDAR_simulator_project/package.xml
[0.058s] Invoked command in '/home/enri/Formula/simulator_project/build/LiDAR_simulator_project' returned '0': CMAKE_PREFIX_PATH=${CMAKE_PREFIX_PATH}:/opt/ros/humble /usr/bin/cmake --install /home/enri/Formula/simulator_project/build/LiDAR_simulator_project
