[0.062s] DEBUG:colcon:Command line arguments: ['/usr/bin/colcon', 'build', '--symlink-install']
[0.063s] DEBUG:colcon:Parsed command line arguments: Namespace(log_base=None, log_level=None, verb_name='build', build_base='build', install_base='install', merge_install=False, symlink_install=True, test_result_base=None, continue_on_error=False, executor='parallel', parallel_workers=12, event_handlers=None, ignore_user_meta=False, metas=['./colcon.meta'], base_paths=['.'], packages_ignore=None, packages_ignore_regex=None, paths=None, packages_up_to=None, packages_up_to_regex=None, packages_above=None, packages_above_and_dependencies=None, packages_above_depth=None, packages_select_by_dep=None, packages_skip_by_dep=None, packages_skip_up_to=None, packages_select_build_failed=False, packages_skip_build_finished=False, packages_select_test_failures=False, packages_skip_test_passed=False, packages_select=None, packages_skip=None, packages_select_regex=None, packages_skip_regex=None, packages_start=None, packages_end=None, allow_overriding=[], cmake_args=None, cmake_target=None, cmake_target_skip_unavailable=False, cmake_clean_cache=False, cmake_clean_first=False, cmake_force_configure=False, ament_cmake_args=None, catkin_cmake_args=None, catkin_skip_building_tests=False, mixin_files=None, mixin=None, verb_parser=<colcon_mixin.mixin.mixin_argument.MixinArgumentDecorator object at 0x778802d59930>, verb_extension=<colcon_core.verb.build.BuildVerb object at 0x778802d592a0>, main=<bound method BuildVerb.main of <colcon_core.verb.build.BuildVerb object at 0x778802d592a0>>, mixin_verb=('build',))
[0.147s] Level 1:colcon.colcon_core.package_discovery:discover_packages(colcon_meta) check parameters
[0.147s] Level 1:colcon.colcon_core.package_discovery:discover_packages(recursive) check parameters
[0.147s] Level 1:colcon.colcon_core.package_discovery:discover_packages(ignore) check parameters
[0.147s] Level 1:colcon.colcon_core.package_discovery:discover_packages(path) check parameters
[0.147s] Level 1:colcon.colcon_core.package_discovery:discover_packages(colcon_meta) discover
[0.147s] Level 1:colcon.colcon_core.package_discovery:discover_packages(recursive) discover
[0.147s] INFO:colcon.colcon_core.package_discovery:Crawling recursively for packages in '/home/enri/Formula/simulator_project'
[0.147s] Level 1:colcon.colcon_core.package_identification:_identify(.) by extensions ['ignore', 'ignore_ament_install']
[0.147s] Level 1:colcon.colcon_core.package_identification:_identify(.) by extension 'ignore'
[0.147s] Level 1:colcon.colcon_core.package_identification:_identify(.) by extension 'ignore_ament_install'
[0.147s] Level 1:colcon.colcon_core.package_identification:_identify(.) by extensions ['colcon_pkg']
[0.147s] Level 1:colcon.colcon_core.package_identification:_identify(.) by extension 'colcon_pkg'
[0.147s] Level 1:colcon.colcon_core.package_identification:_identify(.) by extensions ['colcon_meta']
[0.147s] Level 1:colcon.colcon_core.package_identification:_identify(.) by extension 'colcon_meta'
[0.147s] Level 1:colcon.colcon_core.package_identification:_identify(.) by extensions ['ros']
[0.147s] Level 1:colcon.colcon_core.package_identification:_identify(.) by extension 'ros'
[0.155s] DEBUG:colcon.colcon_core.package_identification:Package '.' with type 'ros.ament_cmake' and name 'LiDAR_simulator_project'
[0.155s] Level 1:colcon.colcon_core.package_discovery:discover_packages(recursive) using defaults
[0.155s] Level 1:colcon.colcon_core.package_discovery:discover_packages(ignore) discover
[0.155s] Level 1:colcon.colcon_core.package_discovery:discover_packages(ignore) using defaults
[0.155s] Level 1:colcon.colcon_core.package_discovery:discover_packages(path) discover
[0.155s] Level 1:colcon.colcon_core.package_discovery:discover_packages(path) using defaults
[0.178s] Level 1:colcon.colcon_core.package_discovery:discover_packages(prefix_path) check parameters
[0.178s] Level 1:colcon.colcon_core.package_discovery:discover_packages(prefix_path) discover
[0.179s] DEBUG:colcon.colcon_installed_package_information.package_discovery:Found 1 installed packages in /home/enri/Formula/simulator_project/install
[0.179s] DEBUG:colcon.colcon_installed_package_information.package_discovery:Found 314 installed packages in /opt/ros/humble
[0.180s] Level 1:colcon.colcon_core.package_discovery:discover_packages(prefix_path) using defaults
[0.201s] Level 5:colcon.colcon_core.verb:set package 'LiDAR_simulator_project' build argument 'cmake_args' from command line to 'None'
[0.201s] Level 5:colcon.colcon_core.verb:set package 'LiDAR_simulator_project' build argument 'cmake_target' from command line to 'None'
[0.201s] Level 5:colcon.colcon_core.verb:set package 'LiDAR_simulator_project' build argument 'cmake_target_skip_unavailable' from command line to 'False'
[0.201s] Level 5:colcon.colcon_core.verb:set package 'LiDAR_simulator_project' build argument 'cmake_clean_cache' from command line to 'False'
[0.201s] Level 5:colcon.colcon_core.verb:set package 'LiDAR_simulator_project' build argument 'cmake_clean_first' from command line to 'False'
[0.201s] Level 5:colcon.colcon_core.verb:set package 'LiDAR_simulator_project' build argument 'cmake_force_configure' from command line to 'False'
[0.201s] Level 5:colcon.colcon_core.verb:set package 'LiDAR_simulator_project' build argument 'ament_cmake_args' from command line to 'None'
[0.201s] Level 5:colcon.colcon_core.verb:set package 'LiDAR_simulator_project' build argument 'catkin_cmake_args' from command line to 'None'
[0.201s] Level 5:colcon.colcon_core.verb:set package 'LiDAR_simulator_project' build argument 'catkin_skip_building_tests' from command line to 'False'
[0.201s] DEBUG:colcon.colcon_core.verb:Building package 'LiDAR_simulator_project' with the following arguments: {'ament_cmake_args': None, 'build_base': '/home/enri/Formula/simulator_project/build/LiDAR_simulator_project', 'catkin_cmake_args': None, 'catkin_skip_building_tests': False, 'cmake_args': None, 'cmake_clean_cache': False, 'cmake_clean_first': False, 'cmake_force_configure': False, 'cmake_target': None, 'cmake_target_skip_unavailable': False, 'install_base': '/home/enri/Formula/simulator_project/install/LiDAR_simulator_project', 'merge_install': False, 'path': '/home/enri/Formula/simulator_project', 'symlink_install': True, 'test_result_base': None}
[0.201s] INFO:colcon.colcon_core.executor:Executing jobs using 'parallel' executor
[0.202s] DEBUG:colcon.colcon_parallel_executor.executor.parallel:run_until_complete
[0.203s] INFO:colcon.colcon_ros.task.ament_cmake.build:Building ROS package in '/home/enri/Formula/simulator_project' with build type 'ament_cmake'
[0.203s] INFO:colcon.colcon_cmake.task.cmake.build:Building CMake package in '/home/enri/Formula/simulator_project'
[0.205s] INFO:colcon.colcon_core.plugin_system:Skipping extension 'colcon_core.shell.bat': Not used on non-Windows systems
[0.205s] INFO:colcon.colcon_core.shell:Skip shell extension 'powershell' for command environment: Not usable outside of PowerShell
[0.205s] DEBUG:colcon.colcon_core.shell:Skip shell extension 'dsv' for command environment
[0.213s] DEBUG:colcon.colcon_core.event_handler.log_command:Invoking command in '/home/enri/Formula/simulator_project/build/LiDAR_simulator_project': CMAKE_PREFIX_PATH=${CMAKE_PREFIX_PATH}:/opt/ros/humble /usr/bin/cmake --build /home/enri/Formula/simulator_project/build/LiDAR_simulator_project -- -j12 -l12
[0.238s] DEBUG:colcon.colcon_core.event_handler.log_command:Invoked command in '/home/enri/Formula/simulator_project/build/LiDAR_simulator_project' returned '0': CMAKE_PREFIX_PATH=${CMAKE_PREFIX_PATH}:/opt/ros/humble /usr/bin/cmake --build /home/enri/Formula/simulator_project/build/LiDAR_simulator_project -- -j12 -l12
[0.247s] DEBUG:colcon.colcon_core.event_handler.log_command:Invoking command in '/home/enri/Formula/simulator_project/build/LiDAR_simulator_project': CMAKE_PREFIX_PATH=${CMAKE_PREFIX_PATH}:/opt/ros/humble /usr/bin/cmake --install /home/enri/Formula/simulator_project/build/LiDAR_simulator_project
[0.261s] Level 1:colcon.colcon_core.environment:create_environment_scripts_only(LiDAR_simulator_project)
[0.261s] DEBUG:colcon.colcon_core.event_handler.log_command:Invoked command in '/home/enri/Formula/simulator_project/build/LiDAR_simulator_project' returned '0': CMAKE_PREFIX_PATH=${CMAKE_PREFIX_PATH}:/opt/ros/humble /usr/bin/cmake --install /home/enri/Formula/simulator_project/build/LiDAR_simulator_project
[0.262s] Level 1:colcon.colcon_core.environment:checking '/home/enri/Formula/simulator_project/install/LiDAR_simulator_project' for CMake module files
[0.262s] Level 1:colcon.colcon_core.environment:checking '/home/enri/Formula/simulator_project/install/LiDAR_simulator_project' for CMake config files
[0.262s] Level 1:colcon.colcon_core.shell:create_environment_hook('LiDAR_simulator_project', 'cmake_prefix_path')
[0.263s] INFO:colcon.colcon_core.shell:Creating environment hook '/home/enri/Formula/simulator_project/install/LiDAR_simulator_project/share/LiDAR_simulator_project/hook/cmake_prefix_path.ps1'
[0.263s] INFO:colcon.colcon_core.shell:Creating environment descriptor '/home/enri/Formula/simulator_project/install/LiDAR_simulator_project/share/LiDAR_simulator_project/hook/cmake_prefix_path.dsv'
[0.263s] INFO:colcon.colcon_core.shell:Creating environment hook '/home/enri/Formula/simulator_project/install/LiDAR_simulator_project/share/LiDAR_simulator_project/hook/cmake_prefix_path.sh'
[0.264s] Level 1:colcon.colcon_core.environment:checking '/home/enri/Formula/simulator_project/install/LiDAR_simulator_project/bin'
[0.264s] Level 1:colcon.colcon_core.environment:checking '/home/enri/Formula/simulator_project/install/LiDAR_simulator_project/lib/pkgconfig/LiDAR_simulator_project.pc'
[0.264s] Level 1:colcon.colcon_core.environment:checking '/home/enri/Formula/simulator_project/install/LiDAR_simulator_project/lib/python3.10/site-packages'
[0.264s] Level 1:colcon.colcon_core.environment:checking '/home/enri/Formula/simulator_project/install/LiDAR_simulator_project/bin'
[0.264s] INFO:colcon.colcon_core.shell:Creating package script '/home/enri/Formula/simulator_project/install/LiDAR_simulator_project/share/LiDAR_simulator_project/package.ps1'
[0.265s] INFO:colcon.colcon_core.shell:Creating package descriptor '/home/enri/Formula/simulator_project/install/LiDAR_simulator_project/share/LiDAR_simulator_project/package.dsv'
[0.265s] INFO:colcon.colcon_core.shell:Creating package script '/home/enri/Formula/simulator_project/install/LiDAR_simulator_project/share/LiDAR_simulator_project/package.sh'
[0.265s] INFO:colcon.colcon_core.shell:Creating package script '/home/enri/Formula/simulator_project/install/LiDAR_simulator_project/share/LiDAR_simulator_project/package.bash'
[0.265s] INFO:colcon.colcon_core.shell:Creating package script '/home/enri/Formula/simulator_project/install/LiDAR_simulator_project/share/LiDAR_simulator_project/package.zsh'
[0.266s] Level 1:colcon.colcon_core.environment:create_file_with_runtime_dependencies(/home/enri/Formula/simulator_project/install/LiDAR_simulator_project/share/colcon-core/packages/LiDAR_simulator_project)
[0.266s] Level 1:colcon.colcon_core.environment:create_environment_scripts_only(LiDAR_simulator_project)
[0.266s] Level 1:colcon.colcon_core.environment:checking '/home/enri/Formula/simulator_project/install/LiDAR_simulator_project' for CMake module files
[0.266s] Level 1:colcon.colcon_core.environment:checking '/home/enri/Formula/simulator_project/install/LiDAR_simulator_project' for CMake config files
[0.266s] Level 1:colcon.colcon_core.shell:create_environment_hook('LiDAR_simulator_project', 'cmake_prefix_path')
[0.267s] INFO:colcon.colcon_core.shell:Creating environment hook '/home/enri/Formula/simulator_project/install/LiDAR_simulator_project/share/LiDAR_simulator_project/hook/cmake_prefix_path.ps1'
[0.267s] INFO:colcon.colcon_core.shell:Creating environment descriptor '/home/enri/Formula/simulator_project/install/LiDAR_simulator_project/share/LiDAR_simulator_project/hook/cmake_prefix_path.dsv'
[0.267s] INFO:colcon.colcon_core.shell:Creating environment hook '/home/enri/Formula/simulator_project/install/LiDAR_simulator_project/share/LiDAR_simulator_project/hook/cmake_prefix_path.sh'
[0.267s] Level 1:colcon.colcon_core.environment:checking '/home/enri/Formula/simulator_project/install/LiDAR_simulator_project/bin'
[0.267s] Level 1:colcon.colcon_core.environment:checking '/home/enri/Formula/simulator_project/install/LiDAR_simulator_project/lib/pkgconfig/LiDAR_simulator_project.pc'
[0.267s] Level 1:colcon.colcon_core.environment:checking '/home/enri/Formula/simulator_project/install/LiDAR_simulator_project/lib/python3.10/site-packages'
[0.267s] Level 1:colcon.colcon_core.environment:checking '/home/enri/Formula/simulator_project/install/LiDAR_simulator_project/bin'
[0.268s] INFO:colcon.colcon_core.shell:Creating package script '/home/enri/Formula/simulator_project/install/LiDAR_simulator_project/share/LiDAR_simulator_project/package.ps1'
[0.268s] INFO:colcon.colcon_core.shell:Creating package descriptor '/home/enri/Formula/simulator_project/install/LiDAR_simulator_project/share/LiDAR_simulator_project/package.dsv'
[0.268s] INFO:colcon.colcon_core.shell:Creating package script '/home/enri/Formula/simulator_project/install/LiDAR_simulator_project/share/LiDAR_simulator_project/package.sh'
[0.268s] INFO:colcon.colcon_core.shell:Creating package script '/home/enri/Formula/simulator_project/install/LiDAR_simulator_project/share/LiDAR_simulator_project/package.bash'
[0.268s] INFO:colcon.colcon_core.shell:Creating package script '/home/enri/Formula/simulator_project/install/LiDAR_simulator_project/share/LiDAR_simulator_project/package.zsh'
[0.269s] Level 1:colcon.colcon_core.environment:create_file_with_runtime_dependencies(/home/enri/Formula/simulator_project/install/LiDAR_simulator_project/share/colcon-core/packages/LiDAR_simulator_project)
[0.269s] DEBUG:colcon.colcon_parallel_executor.executor.parallel:closing loop
[0.269s] DEBUG:colcon.colcon_parallel_executor.executor.parallel:loop closed
[0.269s] DEBUG:colcon.colcon_parallel_executor.executor.parallel:run_until_complete finished with '0'
[0.269s] DEBUG:colcon.colcon_core.event_reactor:joining thread
[0.272s] INFO:colcon.colcon_core.plugin_system:Skipping extension 'colcon_notification.desktop_notification.terminal_notifier': Not used on non-Darwin systems
[0.272s] INFO:colcon.colcon_core.plugin_system:Skipping extension 'colcon_notification.desktop_notification.win32': Not used on non-Windows systems
[0.272s] INFO:colcon.colcon_notification.desktop_notification:Sending desktop notification using 'notify2'
[0.280s] DEBUG:colcon.colcon_core.event_reactor:joined thread
[0.281s] INFO:colcon.colcon_core.shell:Creating prefix script '/home/enri/Formula/simulator_project/install/local_setup.ps1'
[0.282s] INFO:colcon.colcon_core.shell:Creating prefix util module '/home/enri/Formula/simulator_project/install/_local_setup_util_ps1.py'
[0.283s] INFO:colcon.colcon_core.shell:Creating prefix chain script '/home/enri/Formula/simulator_project/install/setup.ps1'
[0.284s] INFO:colcon.colcon_core.shell:Creating prefix script '/home/enri/Formula/simulator_project/install/local_setup.sh'
[0.285s] INFO:colcon.colcon_core.shell:Creating prefix util module '/home/enri/Formula/simulator_project/install/_local_setup_util_sh.py'
[0.285s] INFO:colcon.colcon_core.shell:Creating prefix chain script '/home/enri/Formula/simulator_project/install/setup.sh'
[0.286s] INFO:colcon.colcon_core.shell:Creating prefix script '/home/enri/Formula/simulator_project/install/local_setup.bash'
[0.287s] INFO:colcon.colcon_core.shell:Creating prefix chain script '/home/enri/Formula/simulator_project/install/setup.bash'
[0.287s] INFO:colcon.colcon_core.shell:Creating prefix script '/home/enri/Formula/simulator_project/install/local_setup.zsh'
[0.287s] INFO:colcon.colcon_core.shell:Creating prefix chain script '/home/enri/Formula/simulator_project/install/setup.zsh'
