-- The C compiler identification is GNU 11.4.0
-- The CXX compiler identification is GNU 11.4.0
-- Detecting C compiler ABI info
-- Detecting C compiler ABI info - done
-- Check for working C compiler: /usr/bin/cc - skipped
-- Detecting C compile features
-- Detecting C compile features - done
-- Detecting CXX compiler ABI info
-- Detecting CXX compiler ABI info - done
-- Check for working CXX compiler: /usr/bin/c++ - skipped
-- Detecting CXX compile features
-- Detecting CXX compile features - done
-- Found ament_cmake: 1.3.11 (/opt/ros/humble/share/ament_cmake/cmake)
-- Found Python3: /usr/bin/python3 (found version "3.10.12") found components: Interpreter 
-- Override CMake install command with custom implementation using symlinks instead of copying resources
WARNING: Package name "LiDAR_simulator_project" does not follow the naming conventions. It should start with a lower case letter and only contain lower case letters, digits, underscores, and dashes.
-- Configuring done
-- Generating done
-- Build files have been written to: /home/enri/Formula/simulator_project/build/LiDAR_simulator_project
-- Install configuration: ""
-- Execute custom install script
-- Symlinking: /home/enri/Formula/simulator_project/install/LiDAR_simulator_project/share/LiDAR_simulator_project/bridge.yaml
-- Symlinking: /home/enri/Formula/simulator_project/install/LiDAR_simulator_project/share/LiDAR_simulator_project/params.yaml
-- Symlinking: /home/enri/Formula/simulator_project/install/LiDAR_simulator_project/share/LiDAR_simulator_project/rviz_config.rviz
-- Symlinking: /home/enri/Formula/simulator_project/install/LiDAR_simulator_project/share/LiDAR_simulator_project/simulator/filter.py
-- Symlinking: /home/enri/Formula/simulator_project/install/LiDAR_simulator_project/share/LiDAR_simulator_project/simulator/simulator_launch.py
-- Symlinking: /home/enri/Formula/simulator_project/install/LiDAR_simulator_project/share/LiDAR_simulator_project/sdf/world.sdf
-- Symlinking: /home/enri/Formula/simulator_project/install/LiDAR_simulator_project/share/LiDAR_simulator_project/sdf/world_template.sdf
-- Symlinking: /home/enri/Formula/simulator_project/install/LiDAR_simulator_project/share/LiDAR_simulator_project/models/cone_440.stl
-- Symlinking: /home/enri/Formula/simulator_project/install/LiDAR_simulator_project/share/LiDAR_simulator_project/models/formula_car_with_wheels.stl
-- Symlinking: /home/enri/Formula/simulator_project/install/LiDAR_simulator_project/share/LiDAR_simulator_project/tracks/race_track.csv
-- Symlinking: /home/enri/Formula/simulator_project/install/LiDAR_simulator_project/share/ament_index/resource_index/package_run_dependencies/LiDAR_simulator_project
-- Symlinking: /home/enri/Formula/simulator_project/install/LiDAR_simulator_project/share/ament_index/resource_index/parent_prefix_path/LiDAR_simulator_project
-- Symlinking: /home/enri/Formula/simulator_project/install/LiDAR_simulator_project/share/LiDAR_simulator_project/environment/ament_prefix_path.sh
-- Symlinking: /home/enri/Formula/simulator_project/install/LiDAR_simulator_project/share/LiDAR_simulator_project/environment/ament_prefix_path.dsv
-- Symlinking: /home/enri/Formula/simulator_project/install/LiDAR_simulator_project/share/LiDAR_simulator_project/environment/path.sh
-- Symlinking: /home/enri/Formula/simulator_project/install/LiDAR_simulator_project/share/LiDAR_simulator_project/environment/path.dsv
-- Symlinking: /home/enri/Formula/simulator_project/install/LiDAR_simulator_project/share/LiDAR_simulator_project/local_setup.bash
-- Symlinking: /home/enri/Formula/simulator_project/install/LiDAR_simulator_project/share/LiDAR_simulator_project/local_setup.sh
-- Symlinking: /home/enri/Formula/simulator_project/install/LiDAR_simulator_project/share/LiDAR_simulator_project/local_setup.zsh
-- Symlinking: /home/enri/Formula/simulator_project/install/LiDAR_simulator_project/share/LiDAR_simulator_project/local_setup.dsv
-- Symlinking: /home/enri/Formula/simulator_project/install/LiDAR_simulator_project/share/LiDAR_simulator_project/package.dsv
-- Symlinking: /home/enri/Formula/simulator_project/install/LiDAR_simulator_project/share/ament_index/resource_index/packages/LiDAR_simulator_project
-- Symlinking: /home/enri/Formula/simulator_project/install/LiDAR_simulator_project/share/LiDAR_simulator_project/cmake/LiDAR_simulator_projectConfig.cmake
-- Symlinking: /home/enri/Formula/simulator_project/install/LiDAR_simulator_project/share/LiDAR_simulator_project/cmake/LiDAR_simulator_projectConfig-version.cmake
-- Symlinking: /home/enri/Formula/simulator_project/install/LiDAR_simulator_project/share/LiDAR_simulator_project/package.xml
