[0.005s] Invoking command in '/home/enri/Formula/simulator_project/build/LiDAR_simulator_project': CMAKE_PREFIX_PATH=/opt/ros/humble /usr/bin/cmake /home/enri/Formula/simulator_project -DAMENT_CMAKE_SYMLINK_INSTALL=1 -DCMAKE_INSTALL_PREFIX=/home/enri/Formula/simulator_project/install/LiDAR_simulator_project
[0.060s] -- The C compiler identification is GNU 11.4.0
[0.110s] -- The CXX compiler identification is GNU 11.4.0
[0.117s] -- Detecting C compiler ABI info
[0.174s] -- Detecting C compiler ABI info - done
[0.182s] -- Check for working C compiler: /usr/bin/cc - skipped
[0.183s] -- Detecting C compile features
[0.183s] -- Detecting C compile features - done
[0.186s] -- Detecting CXX compiler ABI info
[0.263s] -- Detecting CXX compiler ABI info - done
[0.271s] -- Check for working CXX compiler: /usr/bin/c++ - skipped
[0.271s] -- Detecting CXX compile features
[0.271s] -- Detecting CXX compile features - done
[0.276s] -- Found ament_cmake: 1.3.11 (/opt/ros/humble/share/ament_cmake/cmake)
[0.417s] -- Found Python3: /usr/bin/python3 (found version "3.10.12") found components: Interpreter 
[0.483s] -- Override CMake install command with custom implementation using symlinks instead of copying resources
[0.551s] WARNING: Package name "LiDAR_simulator_project" does not follow the naming conventions. It should start with a lower case letter and only contain lower case letters, digits, underscores, and dashes.
[0.566s] -- Configuring done
[0.569s] -- Generating done
[0.570s] -- Build files have been written to: /home/enri/Formula/simulator_project/build/LiDAR_simulator_project
[0.576s] Invoked command in '/home/enri/Formula/simulator_project/build/LiDAR_simulator_project' returned '0': CMAKE_PREFIX_PATH=/opt/ros/humble /usr/bin/cmake /home/enri/Formula/simulator_project -DAMENT_CMAKE_SYMLINK_INSTALL=1 -DCMAKE_INSTALL_PREFIX=/home/enri/Formula/simulator_project/install/LiDAR_simulator_project
[0.578s] Invoking command in '/home/enri/Formula/simulator_project/build/LiDAR_simulator_project': CMAKE_PREFIX_PATH=/opt/ros/humble /usr/bin/cmake --build /home/enri/Formula/simulator_project/build/LiDAR_simulator_project -- -j12 -l12
[0.615s] Invoked command in '/home/enri/Formula/simulator_project/build/LiDAR_simulator_project' returned '0': CMAKE_PREFIX_PATH=/opt/ros/humble /usr/bin/cmake --build /home/enri/Formula/simulator_project/build/LiDAR_simulator_project -- -j12 -l12
[0.625s] Invoking command in '/home/enri/Formula/simulator_project/build/LiDAR_simulator_project': CMAKE_PREFIX_PATH=/opt/ros/humble /usr/bin/cmake --install /home/enri/Formula/simulator_project/build/LiDAR_simulator_project
[0.633s] -- Install configuration: ""
[0.633s] -- Execute custom install script
[0.634s] -- Symlinking: /home/enri/Formula/simulator_project/install/LiDAR_simulator_project/share/LiDAR_simulator_project/bridge.yaml
[0.640s] -- Symlinking: /home/enri/Formula/simulator_project/install/LiDAR_simulator_project/share/LiDAR_simulator_project/params.yaml
[0.649s] -- Symlinking: /home/enri/Formula/simulator_project/install/LiDAR_simulator_project/share/LiDAR_simulator_project/rviz_config.rviz
[0.658s] -- Symlinking: /home/enri/Formula/simulator_project/install/LiDAR_simulator_project/share/LiDAR_simulator_project/simulator/filter.py
[0.664s] -- Symlinking: /home/enri/Formula/simulator_project/install/LiDAR_simulator_project/share/LiDAR_simulator_project/simulator/simulator_launch.py
[0.673s] -- Symlinking: /home/enri/Formula/simulator_project/install/LiDAR_simulator_project/share/LiDAR_simulator_project/sdf/world.sdf
[0.682s] -- Symlinking: /home/enri/Formula/simulator_project/install/LiDAR_simulator_project/share/LiDAR_simulator_project/sdf/world_template.sdf
[0.688s] -- Symlinking: /home/enri/Formula/simulator_project/install/LiDAR_simulator_project/share/LiDAR_simulator_project/models/cone_440.stl
[0.695s] -- Symlinking: /home/enri/Formula/simulator_project/install/LiDAR_simulator_project/share/LiDAR_simulator_project/models/formula_car_with_wheels.stl
[0.704s] -- Symlinking: /home/enri/Formula/simulator_project/install/LiDAR_simulator_project/share/LiDAR_simulator_project/tracks/race_track.csv
[0.713s] -- Symlinking: /home/enri/Formula/simulator_project/install/LiDAR_simulator_project/share/ament_index/resource_index/package_run_dependencies/LiDAR_simulator_project
[0.722s] -- Symlinking: /home/enri/Formula/simulator_project/install/LiDAR_simulator_project/share/ament_index/resource_index/parent_prefix_path/LiDAR_simulator_project
[0.729s] -- Symlinking: /home/enri/Formula/simulator_project/install/LiDAR_simulator_project/share/LiDAR_simulator_project/environment/ament_prefix_path.sh
[0.737s] -- Symlinking: /home/enri/Formula/simulator_project/install/LiDAR_simulator_project/share/LiDAR_simulator_project/environment/ament_prefix_path.dsv
[0.746s] -- Symlinking: /home/enri/Formula/simulator_project/install/LiDAR_simulator_project/share/LiDAR_simulator_project/environment/path.sh
[0.755s] -- Symlinking: /home/enri/Formula/simulator_project/install/LiDAR_simulator_project/share/LiDAR_simulator_project/environment/path.dsv
[0.765s] -- Symlinking: /home/enri/Formula/simulator_project/install/LiDAR_simulator_project/share/LiDAR_simulator_project/local_setup.bash
[0.774s] -- Symlinking: /home/enri/Formula/simulator_project/install/LiDAR_simulator_project/share/LiDAR_simulator_project/local_setup.sh
[0.782s] -- Symlinking: /home/enri/Formula/simulator_project/install/LiDAR_simulator_project/share/LiDAR_simulator_project/local_setup.zsh
[0.790s] -- Symlinking: /home/enri/Formula/simulator_project/install/LiDAR_simulator_project/share/LiDAR_simulator_project/local_setup.dsv
[0.796s] -- Symlinking: /home/enri/Formula/simulator_project/install/LiDAR_simulator_project/share/LiDAR_simulator_project/package.dsv
[0.807s] -- Symlinking: /home/enri/Formula/simulator_project/install/LiDAR_simulator_project/share/ament_index/resource_index/packages/LiDAR_simulator_project
[0.815s] -- Symlinking: /home/enri/Formula/simulator_project/install/LiDAR_simulator_project/share/LiDAR_simulator_project/cmake/LiDAR_simulator_projectConfig.cmake
[0.823s] -- Symlinking: /home/enri/Formula/simulator_project/install/LiDAR_simulator_project/share/LiDAR_simulator_project/cmake/LiDAR_simulator_projectConfig-version.cmake
[0.832s] -- Symlinking: /home/enri/Formula/simulator_project/install/LiDAR_simulator_project/share/LiDAR_simulator_project/package.xml
[0.844s] Invoked command in '/home/enri/Formula/simulator_project/build/LiDAR_simulator_project' returned '0': CMAKE_PREFIX_PATH=/opt/ros/humble /usr/bin/cmake --install /home/enri/Formula/simulator_project/build/LiDAR_simulator_project
